2026-01-31 20:51:58 - MOVED: 008+n+7+CUADERNOS (1).pdf -> Documentos/PDFs
2026-01-31 20:51:58 - MOVED: 008+n+7+CUADERNOS.pdf -> Documentos/PDFs
2026-01-31 20:51:58 - MOVED: 1. Introdução aos Dispositivos Móveis.pdf -> Documentos/PDFs
2026-01-31 20:51:58 - MOVED: 2. Android OS.pdf -> Documentos/PDFs
2026-01-31 20:51:58 - MOVED: 2025 (1).pdf -> Documentos/PDFs
2026-01-31 20:51:58 - MOVED: 2025.pdf -> Documentos/PDFs
2026-01-31 20:51:58 - MOVED: 3. Componentes das Aplicações Android.pdf -> Documentos/PDFs
2026-01-31 20:51:58 - MOVED: 4 - Cloud Computing Branco.pdf -> Documentos/PDFs
2026-01-31 20:51:58 - MOVED: account-statement_2025-10-01_2025-10-18_pt-pt_abce6e.pdf -> Documentos/PDFs
2026-01-31 20:51:58 - MOVED: account_50170405_pt_pdf_2020-01-01_2025-05-02.pdf -> Documentos/PDFs
2026-01-31 20:51:58 - MOVED: account_50170405_pt_pdf_2020-01-01_2025-06-27.pdf -> Documentos/PDFs
2026-01-31 20:51:58 - MOVED: Carta de Motivação (1).pdf -> Documentos/PDFs
2026-01-31 20:51:58 - MOVED: Carta de Motivação (2).pdf -> Documentos/PDFs
2026-01-31 20:51:58 - MOVED: Carta de Motivação.pdf -> Documentos/PDFs
2026-01-31 20:51:58 - MOVED: Cartta (1).pdf -> Documentos/PDFs
2026-01-31 20:51:58 - MOVED: Cartta (2).pdf -> Documentos/PDFs
2026-01-31 20:51:58 - MOVED: Cartta (3).pdf -> Documentos/PDFs
2026-01-31 20:51:58 - MOVED: Cartta.pdf -> Documentos/PDFs
2026-01-31 20:51:58 - MOVED: Curriculo.pdf -> Documentos/PDFs
2026-01-31 20:51:58 - MOVED: Curriculum Vitae (2).pdf -> Documentos/PDFs
2026-01-31 20:51:58 - MOVED: Curriculum Vitae.pdf -> Documentos/PDFs
2026-01-31 20:51:58 - MOVED: CursoCurtoExcel-20251117.pdf -> Documentos/PDFs
2026-01-31 20:51:58 - MOVED: CursoCurtoMultimedia-20251117.pdf -> Documentos/PDFs
2026-01-31 20:51:58 - MOVED: CursoCurtoTIC-20251117.pdf -> Documentos/PDFs
2026-01-31 20:51:58 - MOVED: Declaração de Matrícula_46582_20251015_PT.pdf -> Documentos/PDFs
2026-01-31 20:51:58 - MOVED: DFD-teoria (1).pdf -> Documentos/PDFs
2026-01-31 20:51:58 - MOVED: DFD-teoria.pdf -> Documentos/PDFs
2026-01-31 20:51:58 - MOVED: Engenharia Social e Phishing (Premium).pdf -> Documentos/PDFs
2026-01-31 20:51:58 - MOVED: enunciado_projeto_react_ecommerce (1).pdf -> Documentos/PDFs
2026-01-31 20:51:58 - MOVED: enunciado_projeto_react_ecommerce (2).pdf -> Documentos/PDFs
2026-01-31 20:51:58 - MOVED: enunciado_projeto_react_ecommerce.pdf -> Documentos/PDFs
2026-01-31 20:51:58 - MOVED: Enunciado_Prototipo_Figma (1).pdf -> Documentos/PDFs
2026-01-31 20:51:58 - MOVED: Enunciado_Prototipo_Figma.pdf -> Documentos/PDFs
2026-01-31 20:51:58 - MOVED: Exercício DFD.pdf -> Documentos/PDFs
2026-01-31 20:51:58 - MOVED: F01 - FORMULÁRIO_entidade a protocolar_IPMAIA_2025_2026.pdf -> Documentos/PDFs
2026-01-31 20:51:58 - MOVED: F02 - REGISTO_PRESENÇAS_IPMAIA_2025_2026.pdf -> Documentos/PDFs
2026-01-31 20:51:58 - MOVED: F03-PLANO DE ESTÁGIO IPMAIA_2025_2026.pdf -> Documentos/PDFs
2026-01-31 20:51:58 - MOVED: FichaUC_2024_IP TG-CTSP-TPSI_Análise de Sistemas e Bases de Dados_PT.pdf -> Documentos/PDFs
2026-01-31 20:51:58 - MOVED: FichaUC_2024_IP TG-CTSP-TPSI_Arte, Cultura e Comunicação na Era Digital_PT.pdf -> Documentos/PDFs
2026-01-31 20:51:58 - MOVED: FichaUC_2024_IP TG-CTSP-TPSI_Programação Orientada a Objetos_PT.pdf -> Documentos/PDFs
2026-01-31 20:51:58 - MOVED: IRS 2024 - Capital Gains - 6370102.pdf -> Documentos/PDFs
2026-01-31 20:51:58 - MOVED: Menu-Don-Forno_cópia.pdf -> Documentos/PDFs
2026-01-31 20:51:58 - MOVED: normalizacaopratica-unlocked.pdf -> Documentos/PDFs
2026-01-31 20:51:58 - MOVED: normalizacaopratica.pdf -> Documentos/PDFs
2026-01-31 20:51:58 - MOVED: normalizacaoteoria.pdf -> Documentos/PDFs
2026-01-31 20:51:58 - MOVED: normalizacaoteoria_unlocked.pdf -> Documentos/PDFs
2026-01-31 20:51:58 - MOVED: Novo Documento de Texto.txt -> Documentos/Texto
2026-01-31 20:51:58 - MOVED: Orovivo_size_guide_aneis (1).pdf -> Documentos/PDFs
2026-01-31 20:51:58 - MOVED: Orovivo_size_guide_aneis (2).pdf -> Documentos/PDFs
2026-01-31 20:51:58 - MOVED: Orovivo_size_guide_aneis.pdf -> Documentos/PDFs
2026-01-31 20:51:58 - MOVED: PF-Projeto-Pratico-IFM-A (1).pdf -> Documentos/PDFs
2026-01-31 20:51:58 - MOVED: PF-Projeto-Pratico-IFM-A.pdf -> Documentos/PDFs
2026-01-31 20:51:58 - MOVED: PF-Projeto-Pratico-ITIC-B.pdf -> Documentos/PDFs
2026-01-31 20:51:58 - MOVED: RelatorioTecnicoFinal (2).pdf -> Documentos/PDFs
2026-01-31 20:51:58 - MOVED: RelatorioTecnicoFinal.pdf -> Documentos/PDFs
2026-01-31 20:51:58 - MOVED: RubenSilva_a046582_YanMaia_a046626_CarlosNunes_a047552_O_Clima_em_Colapso.pdf -> Documentos/PDFs
2026-01-31 20:51:58 - MOVED: Semana10.pdf -> Documentos/PDFs
2026-01-31 20:51:58 - MOVED: Semana11 (1).pdf -> Documentos/PDFs
2026-01-31 20:51:58 - MOVED: Semana11.pdf -> Documentos/PDFs
2026-01-31 20:51:58 - MOVED: Silva_Rúben_Learning_Agreement.pdf -> Documentos/PDFs
2026-01-31 20:51:58 - MOVED: SSI_AlgoritmosCifraModerna.pdf -> Documentos/PDFs
2026-01-31 20:51:58 - MOVED: SSI_Autenticação_FunçãoHash.pdf -> Documentos/PDFs
2026-01-31 20:51:58 - MOVED: SSI_Esteganografia-2.pdf -> Documentos/PDFs
2026-01-31 20:51:58 - MOVED: SSI_GPG.pdf -> Documentos/PDFs
2026-01-31 20:51:58 - MOVED: SSI_Intro_Conceitos_1.pdf -> Documentos/PDFs
2026-01-31 20:51:58 - MOVED: SSI_Intro_Criptografiav1.pdf -> Documentos/PDFs
2026-01-31 20:51:58 - MOVED: TailCare - Apresentação Técnica Expandida.pdf -> Documentos/PDFs
2026-01-31 20:51:58 - MOVED: Teste Modelo Cloud.pdf -> Documentos/PDFs
2026-01-31 20:51:58 - MOVED: transferir.png -> Multimedia/Imagens
2026-01-31 20:52:13 - MOVED: Dicionario de dados-teoria.pdf -> Documentos/PDFs
2026-01-31 20:53:06 - MOVED: Caderno de Encargos quase feito.docx -> Documentos/Office/Word
2026-01-31 20:53:06 - MOVED: Caderno de Encargos - Projeto NC.docx -> Documentos/Office/Word
2026-01-31 20:53:06 - MOVED: Caderno_Encargos_Capa.docx -> Documentos/Office/Word
2026-01-31 20:53:06 - MOVED: Ai Decision Support Presentation.docx -> Documentos/Office/Word
2026-01-31 20:53:06 - MOVED: Exemplo-Estrutura do Projeto.docx -> Documentos/Office/Word
2026-01-31 20:53:06 - MOVED: Desenho da Experiência (1).docx -> Documentos/Office/Word
2026-01-31 20:53:06 - MOVED: Desenho da Experiência.docx -> Documentos/Office/Word
2026-01-31 20:53:06 - MOVED: RelatorioTecnicoFinal (2).docx -> Documentos/Office/Word
2026-01-31 20:53:06 - MOVED: a046582-ticB-artigo.docx -> Documentos/Office/Word
2026-01-31 20:53:06 - MOVED: iftic-a046582-RubenSilva-pf.docx -> Documentos/Office/Word
2026-01-31 20:53:06 - MOVED: Conteúdo do Relatório.docx -> Documentos/Office/Word
2026-01-31 20:53:06 - MOVED: Guia Web Services 18Dez (1).docx -> Documentos/Office/Word
2026-01-31 20:53:06 - MOVED: Guia Web Services 18Dez.docx -> Documentos/Office/Word
2026-01-31 20:53:06 - MOVED: 1.2.1.3 Lab - Compare Data with a Hash.docx -> Documentos/Office/Word
2026-01-31 20:53:06 - MOVED: RelatorioProgresso_TailCare.docx -> Documentos/Office/Word
2026-01-31 20:53:06 - MOVED: boletim_de_inscricao___bolsa_de_agentes_eleitorais_Rúben_Silva.docx -> Documentos/Office/Word
2026-01-31 20:53:06 - MOVED: boletim_de_inscricao___bolsa_de_agentes_eleitorais (1).docx -> Documentos/Office/Word
2026-01-31 20:53:06 - MOVED: boletim_de_inscricao___bolsa_de_agentes_eleitorais.docx -> Documentos/Office/Word
2026-01-31 20:53:06 - MOVED: Caderno_de_Encargos_TailCare (1).docx -> Documentos/Office/Word
2026-01-31 20:53:06 - MOVED: Caderno_de_Encargos_TailCare.docx -> Documentos/Office/Word
2026-01-31 21:06:22 - MOVED: CheckMarket-main.zip -> Arquivos/Zip
2026-01-31 21:06:22 - MOVED: ilovepdf_unlocked.zip -> Arquivos/Zip
2026-01-31 21:06:22 - MOVED: Tailcare-5b75e27adced00bbf7e95953724e559debd75ec9.zip -> Arquivos/Zip
2026-01-31 21:06:22 - MOVED: tailcare-main (1).zip -> Arquivos/Zip
2026-01-31 21:06:22 - MOVED: tailcare-main (2).zip -> Arquivos/Zip
2026-01-31 21:06:22 - MOVED: Tailcare-master (1).zip -> Arquivos/Zip
2026-01-31 21:06:22 - MOVED: Tailcare-master (2).zip -> Arquivos/Zip
2026-01-31 21:06:22 - MOVED: Ultimate_Menu For YimMenu V1 1.67_[unknowncheats.me]_.zip -> Arquivos/Zip
2026-01-31 21:17:16 - SYSTEM: Reciclagem esvaziada.
2026-01-31 21:17:16 - SYSTEM: Pasta Temp limpa.
2026-01-31 21:21:33 - SYSTEM: Reciclagem esvaziada (Manutenção Semanal).
2026-01-31 21:21:33 - SERVICE: Organizador iniciado.
2026-01-31 22:06:17 - MOVED: organizer.exe -> Programas/Installers
2026-01-31 22:08:59 - SYSTEM: Reciclagem esvaziada (Manutenção Semanal).
2026-01-31 22:08:59 - SYSTEM: Pasta Temp limpa (2 ficheiros removidos).
2026-01-31 22:08:59 - SERVICE: Organizador iniciado.
2026-01-31 22:29:54 - MOVED: Tailcare-5b75e27adced00bbf7e95953724e559debd75ec9.zip -> Arquivos/Zip
2026-01-31 22:29:54 - MOVED: Tailcare-5b75e27adced00bbf7e95953724e559debd75ec9.zip -> Arquivos/Zip
2026-01-31 22:29:56 - MOVED: Tailcare-master.zip -> Arquivos/Zip
2026-01-31 22:29:56 - MOVED: Tailcare-master.zip -> Arquivos/Zip
2026-01-31 22:29:58 - MOVED: tailcare-main (2).zip -> Arquivos/Zip
2026-01-31 22:30:00 - MOVED: tailcare-main (1).zip -> Arquivos/Zip
2026-01-31 22:30:00 - MOVED: tailcare-main (1).zip -> Arquivos/Zip
2026-01-31 22:30:02 - MOVED: Ultimate_Menu For YimMenu V1 1.67_[unknowncheats.me]_.zip -> Arquivos/Zip
2026-01-31 22:30:02 - MOVED: Ultimate_Menu For YimMenu V1 1.67_[unknowncheats.me]_.zip -> Arquivos/Zip
2026-01-31 22:30:04 - MOVED: Arquivo 3.zip -> Arquivos/Zip
2026-01-31 22:30:04 - MOVED: Arquivo 3.zip -> Arquivos/Zip
2026-01-31 22:30:06 - MOVED: tailcare-react-supabase.zip -> Arquivos/Zip
2026-01-31 22:30:06 - MOVED: tailcare-react-supabase.zip -> Arquivos/Zip
2026-01-31 22:30:08 - MOVED: Tailcare-c98b7ad48d02007899a24e63c2775f9e59d027a9.zip -> Arquivos/Zip
2026-01-31 22:30:08 - MOVED: Tailcare-c98b7ad48d02007899a24e63c2775f9e59d027a9.zip -> Arquivos/Zip
2026-01-31 22:30:10 - MOVED: Tailcare-main.zip -> Arquivos/Zip
2026-01-31 22:30:12 - MOVED: modded vehicle.zip -> Arquivos/Zip
2026-01-31 22:30:12 - MOVED: modded vehicle.zip -> Arquivos/Zip
2026-01-31 22:30:14 - MOVED: Scooby Launcher.zip -> Arquivos/Zip
2026-01-31 22:30:16 - MOVED: Lexis_Premium.zip -> Arquivos/Zip
2026-01-31 22:30:18 - MOVED: ArmouryCrateInstallTool.zip -> Arquivos/Zip
2026-01-31 22:30:18 - MOVED: ArmouryCrateInstallTool.zip -> Arquivos/Zip
2026-01-31 22:30:20 - MOVED: src.zip -> Arquivos/Zip
2026-01-31 22:30:20 - MOVED: src.zip -> Arquivos/Zip
2026-01-31 22:30:22 - MOVED: mazer-1.0.0.zip -> Arquivos/Zip
2026-01-31 22:30:22 - MOVED: mazer-1.0.0.zip -> Arquivos/Zip
2026-01-31 22:30:24 - MOVED: TailAdmin-1.0.0.zip -> Arquivos/Zip
2026-01-31 22:30:24 - MOVED: TailAdmin-1.0.0.zip -> Arquivos/Zip
2026-01-31 22:30:26 - MOVED: WhatsApp Unknown 2025-09-23 at 17.00.09.zip -> Arquivos/Zip
2026-01-31 22:30:26 - MOVED: WhatsApp Unknown 2025-09-23 at 17.00.09.zip -> Arquivos/Zip
2026-01-31 22:30:28 - MOVED: isep_brand_assets.zip -> Arquivos/Zip
2026-01-31 22:30:30 - MOVED: Aula20250424_ListaLigadaSimplesPessoas (2).zip -> Arquivos/Zip
2026-01-31 22:30:30 - MOVED: Aula20250424_ListaLigadaSimplesPessoas (2).zip -> Arquivos/Zip
2026-01-31 22:30:32 - MOVED: Aula20250320_Exercicio4_Semana04.zip -> Arquivos/Zip
2026-01-31 22:30:32 - MOVED: Aula20250320_Exercicio4_Semana04.zip -> Arquivos/Zip
2026-01-31 22:30:34 - MOVED: Aula20250227_Foreach.zip -> Arquivos/Zip
2026-01-31 22:30:36 - MOVED: exameAED.zip -> Arquivos/Zip
2026-01-31 22:30:38 - MOVED: Fotografias em iCloud (2).zip -> Arquivos/Zip
2026-01-31 22:30:40 - MOVED: Fotografias em iCloud (1).zip -> Arquivos/Zip
2026-01-31 22:30:40 - MOVED: Fotografias em iCloud (1).zip -> Arquivos/Zip
2026-01-31 22:30:42 - MOVED: Aula20250515_CalculoHashExemplo (3).zip -> Arquivos/Zip
2026-01-31 22:30:42 - MOVED: Aula20250515_CalculoHashExemplo (3).zip -> Arquivos/Zip
2026-01-31 22:30:44 - MOVED: 20250403_ExercicioSemana04Esboco.zip -> Arquivos/Zip
2026-01-31 22:30:46 - MOVED: Aula20250424_ListaLigadaSimplesPessoas (1).zip -> Arquivos/Zip
2026-01-31 22:30:48 - MOVED: Aula20250515_CalculoHashExemplo (2).zip -> Arquivos/Zip
2026-01-31 22:30:50 - MOVED: Aula20250515_ConjuntoSobreListaLigadaGenerica (1).zip -> Arquivos/Zip
2026-01-31 22:30:50 - MOVED: Aula20250515_ConjuntoSobreListaLigadaGenerica (1).zip -> Arquivos/Zip
2026-01-31 22:30:52 - MOVED: TesteAlg11_06.zip -> Arquivos/Zip
2026-01-31 22:30:52 - MOVED: TesteAlg11_06.zip -> Arquivos/Zip
2026-01-31 22:30:54 - MOVED: Aula20250424_ListaLigadaSimplesPessoas.zip -> Arquivos/Zip
2026-01-31 22:30:54 - MOVED: Aula20250424_ListaLigadaSimplesPessoas.zip -> Arquivos/Zip
2026-01-31 22:30:56 - MOVED: WhatsApp Unknown 2025-06-11 at 15.30.21.zip -> Arquivos/Zip
2026-01-31 22:30:56 - MOVED: WhatsApp Unknown 2025-06-11 at 15.30.21.zip -> Arquivos/Zip
2026-01-31 22:30:58 - MOVED: Aula20250515_ConjuntoSobreListaLigadaGenerica.zip -> Arquivos/Zip
2026-01-31 22:30:58 - MOVED: Aula20250515_ConjuntoSobreListaLigadaGenerica.zip -> Arquivos/Zip
2026-01-31 22:31:00 - MOVED: Aula20250515_CalculoHashExemplo (1).zip -> Arquivos/Zip
2026-01-31 22:31:02 - MOVED: Aula20250515_CalculoHashExemplo.zip -> Arquivos/Zip
2026-01-31 22:31:04 - MOVED: laravel-crud-produtos.zip -> Arquivos/Zip
2026-01-31 22:31:04 - MOVED: laravel-crud-produtos.zip -> Arquivos/Zip
2026-01-31 22:31:06 - MOVED: php-8.4.8-src (4).zip -> Arquivos/Zip
2026-01-31 22:31:06 - MOVED: php-8.4.8-src (4).zip -> Arquivos/Zip
2026-01-31 22:31:08 - MOVED: php-8.4.8-src (2).zip -> Arquivos/Zip
2026-01-31 22:31:08 - MOVED: php-8.4.8-src (2).zip -> Arquivos/Zip
2026-01-31 22:31:10 - MOVED: php-8.4.8-src (1).zip -> Arquivos/Zip
2026-01-31 22:31:10 - MOVED: php-8.4.8-src (1).zip -> Arquivos/Zip
2026-01-31 22:31:12 - MOVED: php-8.4.8-src (3).zip -> Arquivos/Zip
2026-01-31 22:31:12 - MOVED: php-8.4.8-src (3).zip -> Arquivos/Zip
2026-01-31 22:31:14 - MOVED: php-8.4.8-src.zip -> Arquivos/Zip
2026-01-31 22:31:14 - MOVED: php-8.4.8-src.zip -> Arquivos/Zip
2026-01-31 22:31:16 - MOVED: pweb_24_02_2025.zip -> Arquivos/Zip
2026-01-31 22:31:16 - MOVED: pweb_24_02_2025.zip -> Arquivos/Zip
2026-01-31 22:31:18 - MOVED: Fotografias em iCloud.zip -> Arquivos/Zip
2026-01-31 22:31:20 - MOVED: Aula_POO_Dictionary (1).zip -> Arquivos/Zip
2026-01-31 22:31:20 - MOVED: Aula_POO_Dictionary (1).zip -> Arquivos/Zip
2026-01-31 22:31:22 - MOVED: Aula_POO_Dictionary.zip -> Arquivos/Zip
2026-01-31 22:31:22 - MOVED: Aula_POO_Dictionary.zip -> Arquivos/Zip
2026-01-31 22:31:24 - MOVED: MyDockFinder.zip -> Arquivos/Zip
2026-01-31 22:31:26 - MOVED: 1freq_RubenSilva_046582.zip -> Arquivos/Zip
2026-01-31 22:31:26 - MOVED: 1freq_RubenSilva_046582.zip -> Arquivos/Zip
2026-01-31 22:31:28 - MOVED: Fotografias em iCloud (3).zip -> Arquivos/Zip
2026-01-31 22:31:30 - MOVED: Tailcare-main (3).zip -> Arquivos/Zip
2026-01-31 22:31:32 - MOVED: DaVinci_Resolve_20.3.1_Windows.zip -> Arquivos/Zip
2026-01-31 22:31:32 - MOVED: DaVinci_Resolve_20.3.1_Windows.zip -> Arquivos/Zip
2026-01-31 22:31:34 - MOVED: Tailcare-master (2).zip -> Arquivos/Zip
2026-01-31 22:31:34 - MOVED: Tailcare-master (2).zip -> Arquivos/Zip
2026-01-31 22:31:36 - MOVED: ilovepdf_unlocked.zip -> Arquivos/Zip
2026-01-31 22:31:36 - MOVED: ilovepdf_unlocked.zip -> Arquivos/Zip
2026-01-31 22:31:38 - MOVED: Tailcare-master (1).zip -> Arquivos/Zip
2026-01-31 22:31:38 - MOVED: Tailcare-master (1).zip -> Arquivos/Zip
2026-01-31 22:31:40 - MOVED: CheckMarket-main.zip -> Arquivos/Zip
2026-01-31 22:31:40 - MOVED: CheckMarket-main.zip -> Arquivos/Zip
